============================= test session starts =============================
platform win32 -- Python 3.14.3, pytest-7.4.3, pluggy-1.6.0 -- C:\Python314\python.exe
cachedir: .pytest_cache
hypothesis profile 'default' -> database=DirectoryBasedExampleDatabase(WindowsPath('C:/Sem VI/software engineering/capstone project/project/copy2/time_pass/.hypothesis/examples'))
rootdir: C:\Sem VI\software engineering\capstone project\project\copy2\time_pass
configfile: pytest.ini
plugins: anyio-4.13.0, hypothesis-6.88.1
collecting ... collected 155 items

